Removed Pin From Net: NetName=GND Pin=XP2-8
Change Component Comment : Designator=C1 Old Comment= New Comment=100nF
Change Component Comment : Designator=C2 Old Comment= New Comment=100nF
Change Component Comment : Designator=C15 Old Comment= New Comment=100nF
Change Component Comment : Designator=C16 Old Comment= New Comment=100nF
Change component parameters: Designator = "C1"; Footprint = "SMD_0805"; UniqueID = "\LQKPDXDR"
Change component parameters. Clean all parameters for all variants
Change component parameters (AddParameter): Name = "Value"; Value = "100nF"; VariantName = "[No Variations]"
Change component parameters: Designator = "C2"; Footprint = "SMD_0805"; UniqueID = "\ODLEXCQA"
Change component parameters. Clean all parameters for all variants
Change component parameters (AddParameter): Name = "Value"; Value = "100nF"; VariantName = "[No Variations]"
Change component parameters: Designator = "C15"; Footprint = "SMD_0805"; UniqueID = "\SDEAPWMM"
Change component parameters. Clean all parameters for all variants
Change component parameters (AddParameter): Name = "Value"; Value = "100nF"; VariantName = "[No Variations]"
Change component parameters: Designator = "C16"; Footprint = "SMD_0805"; UniqueID = "\BPKWYOHU"
Change component parameters. Clean all parameters for all variants
Change component parameters (AddParameter): Name = "Value"; Value = "100nF"; VariantName = "[No Variations]"
Change Net Name : Old Net Name=NetU2_22 New Net Name=USB_DM
Change Net Name : Old Net Name=NetU2_25 New Net Name=USB_DP
Added Room: Name=CAN
Added Room: Name=MCU
Added Room: Name=PWR
Added Room: Name=USB
