Change Physical Footprint: Designator=C1 Old Footprint=SMD_0805 New Footprint=SMD_0805
Change Physical Footprint: Designator=C2 Old Footprint=SMD_0805 New Footprint=SMD_0805
Change Physical Footprint: Designator=C3 Old Footprint=SMD_0805 New Footprint=SMD_0805
Change Physical Footprint: Designator=C4 Old Footprint=SMD_0805 New Footprint=SMD_0805
Change Physical Footprint: Designator=C5 Old Footprint=SMD_0805 New Footprint=SMD_0805
Change Physical Footprint: Designator=C6 Old Footprint=SMD_0805 New Footprint=SMD_0805
Change Physical Footprint: Designator=C7 Old Footprint=SMD_0805 New Footprint=SMD_0805
Change Physical Footprint: Designator=C8 Old Footprint=SMD_0805 New Footprint=SMD_0805
Change Physical Footprint: Designator=C9 Old Footprint=SMD_0805 New Footprint=SMD_0805
Change Physical Footprint: Designator=C10 Old Footprint=SMD_0805 New Footprint=SMD_0805
Change Physical Footprint: Designator=C11 Old Footprint=SMD_0805 New Footprint=SMD_0805
Change Physical Footprint: Designator=C12 Old Footprint=SMD_0805 New Footprint=SMD_0805
Change Physical Footprint: Designator=C13 Old Footprint=SMD_0805 New Footprint=SMD_0805
Change Physical Footprint: Designator=C14 Old Footprint=SMD_0805 New Footprint=SMD_0805
Change Physical Footprint: Designator=C15 Old Footprint=SMD_0805 New Footprint=SMD_0805
Change Physical Footprint: Designator=C16 Old Footprint=SMD_0805 New Footprint=SMD_0805
Change Physical Footprint: Designator=L1 Old Footprint=INDC2009L New Footprint=INDC2009L
Change Physical Footprint: Designator=Q1 Old Footprint=QUARTZ New Footprint=QUARTZ
Change Physical Footprint: Designator=R1 Old Footprint=SMD_0805 New Footprint=SMD_0805
Change Physical Footprint: Designator=R2 Old Footprint=SMD_0805 New Footprint=SMD_0805
Change Physical Footprint: Designator=R3 Old Footprint=SMD_0805 New Footprint=SMD_0805
Change Physical Footprint: Designator=R4 Old Footprint=SMD_0805 New Footprint=SMD_0805
Change Physical Footprint: Designator=R5 Old Footprint=SMD_0805 New Footprint=SMD_0805
Change Physical Footprint: Designator=R6 Old Footprint=SMD_0805 New Footprint=SMD_0805
Change Physical Footprint: Designator=R7 Old Footprint=SMD_0805 New Footprint=SMD_0805
Change Physical Footprint: Designator=R8 Old Footprint=SMD_0805 New Footprint=SMD_0805
Change Physical Footprint: Designator=SW1 Old Footprint=DIP_SW_1 New Footprint=DIP_SW_1
Change Physical Footprint: Designator=TP1 Old Footprint=TP New Footprint=TP
Change Physical Footprint: Designator=TP2 Old Footprint=TP New Footprint=TP
Change Physical Footprint: Designator=TP3 Old Footprint=TP New Footprint=TP
Change Physical Footprint: Designator=TP4 Old Footprint=TP New Footprint=TP
Change Physical Footprint: Designator=U1 Old Footprint=SO8-150mil New Footprint=SO8-150mil
Change Physical Footprint: Designator=U2 Old Footprint=STM-LQFP48_L New Footprint=STM-LQFP48_L
Change Physical Footprint: Designator=U3 Old Footprint=SOT-223 New Footprint=SOT-223
Change Physical Footprint: Designator=U4 Old Footprint=SOT23-3 New Footprint=SOT23-3
Change Physical Footprint: Designator=VD1 Old Footprint=SMD_0805 New Footprint=SMD_0805
Change Physical Footprint: Designator=VD2 Old Footprint=SMD_0805 New Footprint=SMD_0805
Change Physical Footprint: Designator=VD3 Old Footprint=SMD_0805 New Footprint=SMD_0805
Change Physical Footprint: Designator=XP1 Old Footprint=HEAD-1/4/2.54 New Footprint=HEAD-1/4/2.54
Change Physical Footprint: Designator=XP2 Old Footprint=USB/SM0.8-6H5 New Footprint=USB/SM0.8-6H5
Change Physical Footprint: Designator=XP3 Old Footprint=DSUB1.385-2H9A New Footprint=DSUB1.385-2H9A
